#! /usr/bin/vvp
:ivl_version "11.0 (stable)";
:ivl_delay_selection "TYPICAL";
:vpi_time_precision + 0;
:vpi_module "/usr/lib/x86_64-linux-gnu/ivl/system.vpi";
:vpi_module "/usr/lib/x86_64-linux-gnu/ivl/vhdl_sys.vpi";
:vpi_module "/usr/lib/x86_64-linux-gnu/ivl/vhdl_textio.vpi";
:vpi_module "/usr/lib/x86_64-linux-gnu/ivl/v2005_math.vpi";
:vpi_module "/usr/lib/x86_64-linux-gnu/ivl/va_math.vpi";
S_0x55ce4d6afd90 .scope module, "alu" "alu" 2 1;
 .timescale 0 0;
    .port_info 0 /INPUT 2 "op";
    .port_info 1 /INPUT 16 "i0";
    .port_info 2 /INPUT 16 "i1";
    .port_info 3 /OUTPUT 16 "o";
    .port_info 4 /OUTPUT 1 "cout";
    .port_info 5 /OUTPUT 1 "overflow";
o0x7f7d4f67b078 .functor BUFZ 16, C4<zzzzzzzzzzzzzzzz>; HiZ drive
o0x7f7d4f67b0a8 .functor BUFZ 16, C4<zzzzzzzzzzzzzzzz>; HiZ drive
L_0x55ce4d6fff40 .functor AND 16, o0x7f7d4f67b078, o0x7f7d4f67b0a8, C4<1111111111111111>, C4<1111111111111111>;
L_0x55ce4d7000a0 .functor OR 16, o0x7f7d4f67b078, o0x7f7d4f67b0a8, C4<0000000000000000>, C4<0000000000000000>;
v0x55ce4d6affc0_0 .var "cout", 0 0;
v0x55ce4d6ff5f0_0 .net "diff", 15 0, L_0x55ce4d6fffb0;  1 drivers
v0x55ce4d6ff6d0_0 .net "i0", 15 0, o0x7f7d4f67b078;  0 drivers
v0x55ce4d6ff790_0 .net "i1", 15 0, o0x7f7d4f67b0a8;  0 drivers
v0x55ce4d6ff870_0 .net "logic_and", 15 0, L_0x55ce4d6fff40;  1 drivers
v0x55ce4d6ff9a0_0 .net "logic_or", 15 0, L_0x55ce4d7000a0;  1 drivers
v0x55ce4d6ffa80_0 .var "o", 15 0;
o0x7f7d4f67b168 .functor BUFZ 2, C4<zz>; HiZ drive
v0x55ce4d6ffb60_0 .net "op", 1 0, o0x7f7d4f67b168;  0 drivers
v0x55ce4d6ffc40_0 .var "overflow", 0 0;
v0x55ce4d6ffd00_0 .net "sum", 15 0, L_0x55ce4d6ffea0;  1 drivers
E_0x55ce4d6e99c0/0 .event edge, v0x55ce4d6ffb60_0, v0x55ce4d6ffd00_0, v0x55ce4d6ff6d0_0, v0x55ce4d6ff790_0;
E_0x55ce4d6e99c0/1 .event edge, v0x55ce4d6ff5f0_0, v0x55ce4d6ff870_0, v0x55ce4d6ff9a0_0;
E_0x55ce4d6e99c0 .event/or E_0x55ce4d6e99c0/0, E_0x55ce4d6e99c0/1;
L_0x55ce4d6ffea0 .arith/sum 16, o0x7f7d4f67b078, o0x7f7d4f67b0a8;
L_0x55ce4d6fffb0 .arith/sub 16, o0x7f7d4f67b078, o0x7f7d4f67b0a8;
    .scope S_0x55ce4d6afd90;
T_0 ;
    %wait E_0x55ce4d6e99c0;
    %load/vec4 v0x55ce4d6ffb60_0;
    %dup/vec4;
    %pushi/vec4 0, 0, 2;
    %cmp/u;
    %jmp/1 T_0.0, 6;
    %dup/vec4;
    %pushi/vec4 1, 0, 2;
    %cmp/u;
    %jmp/1 T_0.1, 6;
    %dup/vec4;
    %pushi/vec4 2, 0, 2;
    %cmp/u;
    %jmp/1 T_0.2, 6;
    %dup/vec4;
    %pushi/vec4 3, 0, 2;
    %cmp/u;
    %jmp/1 T_0.3, 6;
    %jmp T_0.4;
T_0.0 ;
    %load/vec4 v0x55ce4d6ffd00_0;
    %store/vec4 v0x55ce4d6ffa80_0, 0, 16;
    %load/vec4 v0x55ce4d6ffd00_0;
    %parti/s 1, 15, 5;
    %store/vec4 v0x55ce4d6affc0_0, 0, 1;
    %load/vec4 v0x55ce4d6ff6d0_0;
    %parti/s 1, 15, 5;
    %load/vec4 v0x55ce4d6ff790_0;
    %parti/s 1, 15, 5;
    %cmp/e;
    %flag_get/vec4 4;
    %load/vec4 v0x55ce4d6ffd00_0;
    %parti/s 1, 15, 5;
    %load/vec4 v0x55ce4d6ff6d0_0;
    %parti/s 1, 15, 5;
    %cmp/ne;
    %flag_get/vec4 4;
    %and;
    %store/vec4 v0x55ce4d6ffc40_0, 0, 1;
    %jmp T_0.4;
T_0.1 ;
    %load/vec4 v0x55ce4d6ff5f0_0;
    %store/vec4 v0x55ce4d6ffa80_0, 0, 16;
    %load/vec4 v0x55ce4d6ff5f0_0;
    %parti/s 1, 15, 5;
    %store/vec4 v0x55ce4d6affc0_0, 0, 1;
    %load/vec4 v0x55ce4d6ff6d0_0;
    %parti/s 1, 15, 5;
    %load/vec4 v0x55ce4d6ff790_0;
    %parti/s 1, 15, 5;
    %cmp/ne;
    %flag_get/vec4 4;
    %load/vec4 v0x55ce4d6ff5f0_0;
    %parti/s 1, 15, 5;
    %load/vec4 v0x55ce4d6ff6d0_0;
    %parti/s 1, 15, 5;
    %cmp/ne;
    %flag_get/vec4 4;
    %and;
    %store/vec4 v0x55ce4d6ffc40_0, 0, 1;
    %jmp T_0.4;
T_0.2 ;
    %load/vec4 v0x55ce4d6ff870_0;
    %store/vec4 v0x55ce4d6ffa80_0, 0, 16;
    %pushi/vec4 0, 0, 1;
    %store/vec4 v0x55ce4d6affc0_0, 0, 1;
    %pushi/vec4 0, 0, 1;
    %store/vec4 v0x55ce4d6ffc40_0, 0, 1;
    %jmp T_0.4;
T_0.3 ;
    %load/vec4 v0x55ce4d6ff9a0_0;
    %store/vec4 v0x55ce4d6ffa80_0, 0, 16;
    %pushi/vec4 0, 0, 1;
    %store/vec4 v0x55ce4d6affc0_0, 0, 1;
    %pushi/vec4 0, 0, 1;
    %store/vec4 v0x55ce4d6ffc40_0, 0, 1;
    %jmp T_0.4;
T_0.4 ;
    %pop/vec4 1;
    %jmp T_0;
    .thread T_0, $push;
# The file index is used to find the file name in the following table.
:file_names 3;
    "N/A";
    "<interactive>";
    "alu.v";
